<?xml version="1.0" encoding="UTF-8"?>
<!-- Generated by org.testng.reporters.JUnitReportReporter -->
<testsuite skipped="0" hostname="Abrahams-Air.attlocal.net" name="LoginToPage.LogintoPage" tests="1" failures="0" timestamp="07 Apr 2019 07:26:34 GMT" time="38.859" errors="0">
  <testcase name="login" time="38.859" classname="LoginToPage.LogintoPage"/>
</testsuite> <!-- LoginToPage.LogintoPage -->
