<?xml version="1.0" encoding="UTF-8"?>
<!-- Generated by org.testng.reporters.JUnitReportReporter -->
<testsuite skipped="0" hostname="Abrahams-Air.attlocal.net" name="LoginToPage.clickonLogo" tests="1" failures="0" timestamp="07 Apr 2019 07:23:17 GMT" time="14.952" errors="0">
  <testcase name="login" time="14.952" classname="LoginToPage.clickonLogo"/>
</testsuite> <!-- LoginToPage.clickonLogo -->
