<?xml version="1.0" encoding="UTF-8"?>
<!-- Generated by org.testng.reporters.JUnitReportReporter -->
<testsuite skipped="0" hostname="Abrahams-Air.attlocal.net" name="LoginToPage.clickThe5one" tests="1" failures="0" timestamp="07 Apr 2019 05:57:39 GMT" time="8.478" errors="0">
  <testcase name="login" time="8.478" classname="LoginToPage.clickThe5one"/>
</testsuite> <!-- LoginToPage.clickThe5one -->
